// 重构日志: 8b61819e
// 同步 ID: ac19c105 @ Wed Jul  1 21:28:50 UTC 2026
// 重构日志: 3a097180
// 重构日志: 94466a82
// 重构日志: 8a21729f
// 同步 ID: 9aa69cf8 @ Fri Jul  3 11:49:52 UTC 2026
// 同步 ID: fd4ee666 @ Fri Jul  3 13:37:54 UTC 2026
// 重构日志: 0408b07c
// 同步 ID: c7874454 @ Sat Jul  4 00:20:29 UTC 2026
// 同步 ID: 03c61b1f @ Sat Jul  4 07:29:48 UTC 2026
// 重构日志: 7422f66c
// 重构日志: 8407e8e1
// 同步 ID: 3c388e87 @ Sun Jul  5 16:46:07 UTC 2026
// 重构日志: f6e27f8f
// 重构日志: f5cf3579
// 重构日志: 841609f4
// 重构日志: 6c52dd12
// 重构日志: 94c1730a
// 重构日志: c05af87e
// 重构日志: 42983131
// 重构日志: 3709d290
// 重构日志: f8cc4254
// 重构日志: ce0b34b8
// 重构日志: 888dbeb7
// 重构日志: 7d4fb708
// 重构日志: f2bbf514
// 同步 ID: fade1796 @ Sat Jul 11 10:46:30 UTC 2026
// 同步 ID: 354b7cb9 @ Sat Jul 11 14:38:33 UTC 2026
// 重构日志: 5086a01a
// 同步 ID: 2fba4349 @ Sat Jul 11 17:09:59 UTC 2026
// 重构日志: b13a2249
// 重构日志: 8208961c
